<?xml version="1.0" encoding="UTF-8"?>
<!-- Generated by org.testng.reporters.JUnitReportReporter -->
<testsuite hostname="DESKTOP-J4HPCP3" failures="0" tests="1" name="OrganizationTest.ToCreateOrgWithIndustryTest" time="34.346" errors="0" timestamp="2025-03-27T17:21:17 IST" skipped="0">
  <testcase classname="OrganizationTest.ToCreateOrgWithIndustryTest" name="toCreateOrgTest_003" time="34.346"/>
  <system-out/>
</testsuite> <!-- OrganizationTest.ToCreateOrgWithIndustryTest -->
