<?xml version="1.0" encoding="UTF-8"?>
<!-- Generated by org.testng.reporters.JUnitReportReporter -->
<testsuite hostname="DESKTOP-J4HPCP3" failures="0" tests="1" name="ContactTests.ToCreateContactTest" time="79.473" errors="0" timestamp="2025-04-02T09:54:37 IST" skipped="0">
  <testcase classname="ContactTests.ToCreateContactTest" name="toCreateContact_001" time="79.473"/>
  <system-out/>
</testsuite> <!-- ContactTests.ToCreateContactTest -->
