<?xml version="1.0" encoding="UTF-8"?>
<!-- Generated by org.testng.reporters.JUnitReportReporter -->
<testsuite hostname="DESKTOP-J4HPCP3" failures="0" tests="1" name="OrganizationTest.ToCreateOrgTest" time="33.058" errors="0" timestamp="2025-03-27T17:20:19 IST" skipped="0">
  <testcase classname="OrganizationTest.ToCreateOrgTest" name="toCreateOrgTest_002" time="33.058"/>
  <system-out/>
</testsuite> <!-- OrganizationTest.ToCreateOrgTest -->
