<?xml version="1.0" encoding="UTF-8"?>
<!-- Generated by org.testng.reporters.JUnitReportReporter -->
<testsuite hostname="DESKTOP-J4HPCP3" failures="0" tests="1" name="OrganizationTest.ToCreateOrgWithTypeTest" time="23.157" errors="0" timestamp="2025-03-27T17:47:04 IST" skipped="0">
  <testcase classname="OrganizationTest.ToCreateOrgWithTypeTest" name="toCreateOrgWithTypeTest_004" time="23.157"/>
  <system-out/>
</testsuite> <!-- OrganizationTest.ToCreateOrgWithTypeTest -->
